make --dry-run --always-make --keep-going --print-directory
make: Entering directory '/home/d98/goatse-the-game'
[ -d build ] || mkdir -p build
make --no-print-directory -C build -f /home/d98/goatse-the-game/Makefile
echo Alphabet.cpp
aarch64-none-elf-g++ -MMD -MP -MF /home/d98/goatse-the-game/build/Alphabet.d -g -Wall -O2 -I/opt/devkitpro/portlibs/switch/include -L/opt/devkitpro/portlibs/switch/lib -ffunction-sections -march=armv8-a+crc+crypto -mtune=cortex-a57 -mtp=soft -fPIE  -I/home/d98/goatse-the-game/include -I/opt/devkitpro/portlibs/switch/switch/include -I/opt/devkitpro/libnx/include -I/home/d98/goatse-the-game/build -D__SWITCH__ -fno-rtti -fno-exceptions -c /home/d98/goatse-the-game/source/engine/Alphabet.cpp -o Alphabet.o 
echo Camera.cpp
aarch64-none-elf-g++ -MMD -MP -MF /home/d98/goatse-the-game/build/Camera.d -g -Wall -O2 -I/opt/devkitpro/portlibs/switch/include -L/opt/devkitpro/portlibs/switch/lib -ffunction-sections -march=armv8-a+crc+crypto -mtune=cortex-a57 -mtp=soft -fPIE  -I/home/d98/goatse-the-game/include -I/opt/devkitpro/portlibs/switch/switch/include -I/opt/devkitpro/libnx/include -I/home/d98/goatse-the-game/build -D__SWITCH__ -fno-rtti -fno-exceptions -c /home/d98/goatse-the-game/source/engine/Camera.cpp -o Camera.o 
echo Common.cpp
aarch64-none-elf-g++ -MMD -MP -MF /home/d98/goatse-the-game/build/Common.d -g -Wall -O2 -I/opt/devkitpro/portlibs/switch/include -L/opt/devkitpro/portlibs/switch/lib -ffunction-sections -march=armv8-a+crc+crypto -mtune=cortex-a57 -mtp=soft -fPIE  -I/home/d98/goatse-the-game/include -I/opt/devkitpro/portlibs/switch/switch/include -I/opt/devkitpro/libnx/include -I/home/d98/goatse-the-game/build -D__SWITCH__ -fno-rtti -fno-exceptions -c /home/d98/goatse-the-game/source/engine/Common.cpp -o Common.o 
echo Conductor.cpp
aarch64-none-elf-g++ -MMD -MP -MF /home/d98/goatse-the-game/build/Conductor.d -g -Wall -O2 -I/opt/devkitpro/portlibs/switch/include -L/opt/devkitpro/portlibs/switch/lib -ffunction-sections -march=armv8-a+crc+crypto -mtune=cortex-a57 -mtp=soft -fPIE  -I/home/d98/goatse-the-game/include -I/opt/devkitpro/portlibs/switch/switch/include -I/opt/devkitpro/libnx/include -I/home/d98/goatse-the-game/build -D__SWITCH__ -fno-rtti -fno-exceptions -c /home/d98/goatse-the-game/source/engine/Conductor.cpp -o Conductor.o 
echo Containers.cpp
aarch64-none-elf-g++ -MMD -MP -MF /home/d98/goatse-the-game/build/Containers.d -g -Wall -O2 -I/opt/devkitpro/portlibs/switch/include -L/opt/devkitpro/portlibs/switch/lib -ffunction-sections -march=armv8-a+crc+crypto -mtune=cortex-a57 -mtp=soft -fPIE  -I/home/d98/goatse-the-game/include -I/opt/devkitpro/portlibs/switch/switch/include -I/opt/devkitpro/libnx/include -I/home/d98/goatse-the-game/build -D__SWITCH__ -fno-rtti -fno-exceptions -c /home/d98/goatse-the-game/source/engine/Containers.cpp -o Containers.o 
echo Engine.cpp
aarch64-none-elf-g++ -MMD -MP -MF /home/d98/goatse-the-game/build/Engine.d -g -Wall -O2 -I/opt/devkitpro/portlibs/switch/include -L/opt/devkitpro/portlibs/switch/lib -ffunction-sections -march=armv8-a+crc+crypto -mtune=cortex-a57 -mtp=soft -fPIE  -I/home/d98/goatse-the-game/include -I/opt/devkitpro/portlibs/switch/switch/include -I/opt/devkitpro/libnx/include -I/home/d98/goatse-the-game/build -D__SWITCH__ -fno-rtti -fno-exceptions -c /home/d98/goatse-the-game/source/engine/Engine.cpp -o Engine.o 
echo SDL.cpp
aarch64-none-elf-g++ -MMD -MP -MF /home/d98/goatse-the-game/build/SDL.d -g -Wall -O2 -I/opt/devkitpro/portlibs/switch/include -L/opt/devkitpro/portlibs/switch/lib -ffunction-sections -march=armv8-a+crc+crypto -mtune=cortex-a57 -mtp=soft -fPIE  -I/home/d98/goatse-the-game/include -I/opt/devkitpro/portlibs/switch/switch/include -I/opt/devkitpro/libnx/include -I/home/d98/goatse-the-game/build -D__SWITCH__ -fno-rtti -fno-exceptions -c /home/d98/goatse-the-game/source/engine/SDL.cpp -o SDL.o 
echo Shape.cpp
aarch64-none-elf-g++ -MMD -MP -MF /home/d98/goatse-the-game/build/Shape.d -g -Wall -O2 -I/opt/devkitpro/portlibs/switch/include -L/opt/devkitpro/portlibs/switch/lib -ffunction-sections -march=armv8-a+crc+crypto -mtune=cortex-a57 -mtp=soft -fPIE  -I/home/d98/goatse-the-game/include -I/opt/devkitpro/portlibs/switch/switch/include -I/opt/devkitpro/libnx/include -I/home/d98/goatse-the-game/build -D__SWITCH__ -fno-rtti -fno-exceptions -c /home/d98/goatse-the-game/source/engine/Shape.cpp -o Shape.o 
echo Sprite.cpp
aarch64-none-elf-g++ -MMD -MP -MF /home/d98/goatse-the-game/build/Sprite.d -g -Wall -O2 -I/opt/devkitpro/portlibs/switch/include -L/opt/devkitpro/portlibs/switch/lib -ffunction-sections -march=armv8-a+crc+crypto -mtune=cortex-a57 -mtp=soft -fPIE  -I/home/d98/goatse-the-game/include -I/opt/devkitpro/portlibs/switch/switch/include -I/opt/devkitpro/libnx/include -I/home/d98/goatse-the-game/build -D__SWITCH__ -fno-rtti -fno-exceptions -c /home/d98/goatse-the-game/source/engine/Sprite.cpp -o Sprite.o 
echo Text.cpp
aarch64-none-elf-g++ -MMD -MP -MF /home/d98/goatse-the-game/build/Text.d -g -Wall -O2 -I/opt/devkitpro/portlibs/switch/include -L/opt/devkitpro/portlibs/switch/lib -ffunction-sections -march=armv8-a+crc+crypto -mtune=cortex-a57 -mtp=soft -fPIE  -I/home/d98/goatse-the-game/include -I/opt/devkitpro/portlibs/switch/switch/include -I/opt/devkitpro/libnx/include -I/home/d98/goatse-the-game/build -D__SWITCH__ -fno-rtti -fno-exceptions -c /home/d98/goatse-the-game/source/engine/Text.cpp -o Text.o 
echo Paths.cpp
aarch64-none-elf-g++ -MMD -MP -MF /home/d98/goatse-the-game/build/Paths.d -g -Wall -O2 -I/opt/devkitpro/portlibs/switch/include -L/opt/devkitpro/portlibs/switch/lib -ffunction-sections -march=armv8-a+crc+crypto -mtune=cortex-a57 -mtp=soft -fPIE  -I/home/d98/goatse-the-game/include -I/opt/devkitpro/portlibs/switch/switch/include -I/opt/devkitpro/libnx/include -I/home/d98/goatse-the-game/build -D__SWITCH__ -fno-rtti -fno-exceptions -c /home/d98/goatse-the-game/source/core/Paths.cpp -o Paths.o 
echo main.cpp
aarch64-none-elf-g++ -MMD -MP -MF /home/d98/goatse-the-game/build/main.d -g -Wall -O2 -I/opt/devkitpro/portlibs/switch/include -L/opt/devkitpro/portlibs/switch/lib -ffunction-sections -march=armv8-a+crc+crypto -mtune=cortex-a57 -mtp=soft -fPIE  -I/home/d98/goatse-the-game/include -I/opt/devkitpro/portlibs/switch/switch/include -I/opt/devkitpro/libnx/include -I/home/d98/goatse-the-game/build -D__SWITCH__ -fno-rtti -fno-exceptions -c /home/d98/goatse-the-game/source/core/main.cpp -o main.o 
echo State.cpp
aarch64-none-elf-g++ -MMD -MP -MF /home/d98/goatse-the-game/build/State.d -g -Wall -O2 -I/opt/devkitpro/portlibs/switch/include -L/opt/devkitpro/portlibs/switch/lib -ffunction-sections -march=armv8-a+crc+crypto -mtune=cortex-a57 -mtp=soft -fPIE  -I/home/d98/goatse-the-game/include -I/opt/devkitpro/portlibs/switch/switch/include -I/opt/devkitpro/libnx/include -I/home/d98/goatse-the-game/build -D__SWITCH__ -fno-rtti -fno-exceptions -c /home/d98/goatse-the-game/source/states/State.cpp -o State.o 
echo TestState.cpp
aarch64-none-elf-g++ -MMD -MP -MF /home/d98/goatse-the-game/build/TestState.d -g -Wall -O2 -I/opt/devkitpro/portlibs/switch/include -L/opt/devkitpro/portlibs/switch/lib -ffunction-sections -march=armv8-a+crc+crypto -mtune=cortex-a57 -mtp=soft -fPIE  -I/home/d98/goatse-the-game/include -I/opt/devkitpro/portlibs/switch/switch/include -I/opt/devkitpro/libnx/include -I/home/d98/goatse-the-game/build -D__SWITCH__ -fno-rtti -fno-exceptions -c /home/d98/goatse-the-game/source/states/TestState.cpp -o TestState.o 
echo Audio.cpp
aarch64-none-elf-g++ -MMD -MP -MF /home/d98/goatse-the-game/build/Audio.d -g -Wall -O2 -I/opt/devkitpro/portlibs/switch/include -L/opt/devkitpro/portlibs/switch/lib -ffunction-sections -march=armv8-a+crc+crypto -mtune=cortex-a57 -mtp=soft -fPIE  -I/home/d98/goatse-the-game/include -I/opt/devkitpro/portlibs/switch/switch/include -I/opt/devkitpro/libnx/include -I/home/d98/goatse-the-game/build -D__SWITCH__ -fno-rtti -fno-exceptions -c /home/d98/goatse-the-game/source/audio/Audio.cpp -o Audio.o 
echo linking goatse-the-game.elf
aarch64-none-elf-g++ -specs=/opt/devkitpro/libnx/switch.specs -g -march=armv8-a+crc+crypto -mtune=cortex-a57 -mtp=soft -fPIE -Wl,-Map,goatse-the-game.map  Alphabet.o Camera.o Common.o Conductor.o Containers.o Engine.o SDL.o Shape.o Sprite.o Text.o Paths.o main.o State.o TestState.o Audio.o   -L/opt/devkitpro/portlibs/switch/switch/lib -L/opt/devkitpro/libnx/lib `aarch64-none-elf-pkg-config SDL2_ttf SDL2_image SDL2_gfx SDL2_mixer --libs` -ltinyxml2 -o /home/d98/goatse-the-game/goatse-the-game.elf
aarch64-none-elf-gcc-nm -CSn /home/d98/goatse-the-game/goatse-the-game.elf > goatse-the-game.lst
nacptool --create "goatse-the-game" "Unspecified Author" "1.0.0" /home/d98/goatse-the-game/goatse-the-game.nacp 
echo built ... goatse-the-game.nacp
elf2nro /home/d98/goatse-the-game/goatse-the-game.elf /home/d98/goatse-the-game/goatse-the-game.nro --icon=/opt/devkitpro/libnx/default_icon.jpg --nacp=/home/d98/goatse-the-game/goatse-the-game.nacp --romfsdir=/home/d98/goatse-the-game/romfs
echo built ... goatse-the-game.nro
make: Leaving directory '/home/d98/goatse-the-game'
 
