make all --print-data-base --no-builtin-variables --no-builtin-rules --question
# GNU Make 4.3
# Built for x86_64-pc-linux-gnu
# Copyright (C) 1988-2020 Free Software Foundation, Inc.
# License GPLv3+: GNU GPL version 3 or later <http://gnu.org/licenses/gpl.html>
# This is free software: you are free to change and redistribute it.
# There is NO WARRANTY, to the extent permitted by law.

# Make data base, printed on Fri Feb 11 23:40:09 2022

# Variables

# makefile (from '/opt/devkitpro/devkitA64/base_tools', line 20)
PORTLIBS_PATH := /opt/devkitpro/portlibs
# environment
GDK_BACKEND = x11
# makefile (from '/opt/devkitpro/devkitA64/base_tools', line 30)
AS := aarch64-none-elf-as
# makefile (from 'Makefile', line 80)
OUTPUT := /home/d98/goatse-the-game/goatse-the-game
# environment
LC_ALL = C
# environment
NO_AT_BRIDGE = 1
# makefile (from '/opt/devkitpro/devkitA64/base_tools', line 31)
AR := aarch64-none-elf-gcc-ar
# makefile (from 'Makefile', line 109)
OFILES :=  Alphabet.o Camera.o Common.o Conductor.o Containers.o Engine.o SDL.o Shape.o Sprite.o Text.o Paths.o main.o State.o TestState.o Audio.o  
# environment
VSCODE_IPC_HOOK_EXTHOST = /run/user/1000/vscode-ipc-5a6e2dee-775d-4653-9d8e-34d8052fff44.sock
# makefile (from 'Makefile', line 83)
VPATH := /home/d98/goatse-the-game/source /home/d98/goatse-the-game/source/engine /home/d98/goatse-the-game/source/core /home/d98/goatse-the-game/source/states /home/d98/goatse-the-game/source/audio /home/d98/goatse-the-game/data
# makefile (from 'Makefile', line 88)
CFILES := $(subst ,,    )
# environment
LC_NAME = nl_NL.UTF-8
# environment
LC_NUMERIC = nl_NL.UTF-8
# environment
VSCODE_CWD = /home/d98
# makefile (from 'Makefile', line 63)
LIBS := `aarch64-none-elf-pkg-config SDL2_ttf SDL2_image SDL2_gfx SDL2_mixer --libs` -ltinyxml2
# makefile (from '/opt/devkitpro/devkitA64/base_tools', line 50)
SILENTMSG := @echo
# environment
LC_ADDRESS = nl_NL.UTF-8
# default
MAKE_COMMAND := make
# makefile (from '/opt/devkitpro/libnx/switch_rules', line 21)
APP_VERSION := 1.0.0
# environment
GTK3_MODULES = xapp-gtk3-module:xapp-gtk3-module
# makefile (from 'Makefile', line 107)
OFILES_BIN := 
# automatic
@D = $(patsubst %/,%,$(dir $@))
# makefile (from 'Makefile', line 89)
CPPFILES :=  Alphabet.cpp Camera.cpp Common.cpp Conductor.cpp Containers.cpp Engine.cpp SDL.cpp Shape.cpp Sprite.cpp Text.cpp Paths.cpp main.cpp State.cpp TestState.cpp Audio.cpp
# makefile (from '/opt/devkitpro/libnx/switch_rules', line 10)
LIBNX = $(DEVKITPRO)/libnx
# environment
VSCODE_HANDLES_UNCAUGHT_ERRORS = true
# default
.VARIABLES := 
# environment
PWD = /home/d98/goatse-the-game
# automatic
%D = $(patsubst %/,%,$(dir $%))
# environment
MAIL = /var/spool/mail/d98
# environment
XDG_DATA_DIRS = /usr/local/share:/usr/share
# automatic
^D = $(patsubst %/,%,$(dir $^))
# environment
VSCODE_LOG_STACK = false
# automatic
%F = $(notdir $%)
# makefile (from '/opt/devkitpro/libnx/switch_rules', line 39)
define make_pfs0
	@mkdir -p exefs
	@[ $(BUILD_EXEFS_SRC) ] && [ -d $(BUILD_EXEFS_SRC) ] && cp -R $(BUILD_EXEFS_SRC)/* exefs || echo > /dev/null
	@cp $*.nso exefs/main
	@[ $(APP_JSON) ] && cp $*.npdm exefs/main.npdm || echo > /dev/null
	@build_pfs0 exefs $@
	@echo built ... $(notdir $@)
endef
# environment
VSCODE_CODE_CACHE_PATH = /home/d98/.config/Code/CachedData/d6ee99e4c045a6716e5c653d7da8e9ae6f5a8b03
# environment
XDG_SESSION_PATH = /org/freedesktop/DisplayManager/Session0
# environment
LANG = C
# environment
XAUTHORITY = /home/d98/.Xauthority
# default
.LOADED := 
# default
.INCLUDE_DIRS = /usr/include /usr/local/include /usr/include
# makefile
MAKEFLAGS = pqrR
# makefile (from 'Makefile', line 90)
SFILES := $(subst ,,    )
# environment
DEVKITARM = /opt/devkitpro/devkitARM
# makefile
CURDIR := /home/d98/goatse-the-game
# environment
VSCODE_PIPE_LOGGING = true
# environment
APPLICATION_INSIGHTS_NO_DIAGNOSTIC_CHANNEL = 1
# automatic
*D = $(patsubst %/,%,$(dir $*))
# makefile (from 'Makefile', line 86)
DEPSDIR := /home/d98/goatse-the-game/build
# environment
MFLAGS = -pqrR
# environment
SSH_AUTH_SOCK = /tmp/ssh-XXXXXXFfQU3N/agent.786
# default
.SHELLFLAGS := -c
# environment
XDG_CONFIG_DIRS = /etc/xdg
# automatic
+D = $(patsubst %/,%,$(dir $+))
# environment
XDG_SESSION_DESKTOP = xfce
# environment
VSCODE_CRASH_REPORTER_START_OPTIONS = {"companyName":"Microsoft","productName":"VSCode","submitURL":"appcenter://code?aid=fba07a4d-84bd-4fc8-a125-9640fc8ce171&uid=927a641e-649c-4d31-8702-7364c2f94f90&iid=927a641e-649c-4d31-8702-7364c2f94f90&sid=927a641e-649c-4d31-8702-7364c2f94f90","uploadToServer":true}
# makefile (from '/opt/devkitpro/devkitA64/base_tools', line 1)
MAKEFILE_LIST := Makefile /opt/devkitpro/libnx/switch_rules /opt/devkitpro/devkitA64/base_rules /opt/devkitpro/devkitA64/base_tools
# makefile (from 'Makefile', line 60)
ASFLAGS := -g -march=armv8-a+crc+crypto -mtune=cortex-a57 -mtp=soft -fPIE
# automatic
@F = $(notdir $@)
# environment
VSCODE_VERBOSE_LOGGING = true
# environment
VSCODE_PID = 1815
# environment
XDG_SESSION_TYPE = x11
# automatic
?D = $(patsubst %/,%,$(dir $?))
# makefile (from '/opt/devkitpro/devkitA64/base_tools', line 35)
RANLIB := aarch64-none-elf-gcc-ranlib
# environment
DEVKITPPC = /opt/devkitpro/devkitPPC
# makefile (from '/opt/devkitpro/libnx/switch_rules', line 17)
APP_AUTHOR := Unspecified Author
# makefile (from 'Makefile', line 45)
INCLUDES := include
# makefile (from 'Makefile', line 132)
icons := 
# environment
SESSION_MANAGER = local/aryacodingson:@/tmp/.ICE-unix/733,unix/aryacodingson:/tmp/.ICE-unix/733
# automatic
*F = $(notdir $*)
# environment
QT_QPA_PLATFORMTHEME = qt5ct
# environment
CHROME_DESKTOP = code-url-handler.desktop
# environment
DBUS_SESSION_BUS_ADDRESS = unix:path=/run/user/1000/bus
# automatic
<D = $(patsubst %/,%,$(dir $<))
# environment
VSCODE_NLS_CONFIG = {"locale":"nl","availableLanguages":{},"_languagePackSupport":true}
# makefile (from '/opt/devkitpro/libnx/switch_rules', line 25)
APP_ICON := /opt/devkitpro/libnx/default_icon.jpg
# makefile (from 'Makefile', line 112)
INCLUDE := -I/home/d98/goatse-the-game/include -I/opt/devkitpro/portlibs/switch/switch/include -I/opt/devkitpro/libnx/include -I/home/d98/goatse-the-game/build
# environment
BREAKPAD_DUMP_LOCATION = /home/d98/.config/Code/exthost Crash Reports
# default
MAKE_HOST := x86_64-pc-linux-gnu
# makefile
SHELL = /bin/sh
# default
MAKECMDGOALS := all
# environment
SHLVL = 1
# makefile (from 'Makefile', line 91)
BINFILES := 
# environment
MAKELEVEL := 0
# makefile (from 'Makefile', line 116)
LIBPATHS := -L/opt/devkitpro/portlibs/switch/switch/lib -L/opt/devkitpro/libnx/lib
# default
MAKE = $(MAKE_COMMAND)
# makefile (from '/opt/devkitpro/libnx/switch_rules', line 8)
PATH := /opt/devkitpro/portlibs/switch/bin:/opt/devkitpro/tools/bin:/opt/devkitpro/devkitA64/bin:/opt/devkitpro/tools/bin:/usr/local/bin:/usr/bin:/bin:/usr/local/sbin:/usr/lib/emscripten:/usr/lib/jvm/default/bin:/usr/bin/site_perl:/usr/bin/vendor_perl:/usr/bin/core_perl
# default
MAKEFILES := 
# environment
LC_MONETARY = nl_NL.UTF-8
# environment
MOTD_SHOWN = pam
# automatic
^F = $(notdir $^)
# makefile (from '/opt/devkitpro/devkitA64/base_tools', line 5)
UNAME_R := 5.16.8-arch1-1
# makefile (from 'Makefile', line 119)
jsons := 
# environment
LC_TIME = nl_NL.UTF-8
# environment
HAXE_STD_PATH = /usr/share/haxe/std
# makefile (from '/opt/devkitpro/devkitA64/base_tools', line 26)
PREFIX := aarch64-none-elf-
# makefile (from 'Makefile', line 70)
LIBDIRS := /opt/devkitpro/portlibs/switch/switch /opt/devkitpro/libnx
# environment
VSCODE_LOG_NATIVE = false
# environment
LC_TELEPHONE = nl_NL.UTF-8
# automatic
?F = $(notdir $?)
# makefile (from '/opt/devkitpro/devkitA64/base_tools', line 57)
bin2o = 	bin2s -a 8 -H `(echo $(<F) | tr . _)`.h $< | $(AS) -o $(<F).o
# environment
DEVKITPRO = /opt/devkitpro
# environment
XDG_SEAT = seat0
# environment
XDG_CURRENT_DESKTOP = XFCE
# makefile (from '/opt/devkitpro/devkitA64/base_tools', line 4)
UNAME_S := Linux
# automatic
+F = $(notdir $+)
# environment
XDG_SEAT_PATH = /org/freedesktop/DisplayManager/Seat0
# environment
DESKTOP_SESSION = xfce
# environment
ORIGINAL_XDG_CURRENT_DESKTOP = XFCE
# 'override' directive
GNUMAKEFLAGS := 
# environment
BROWSER = firefox
# environment
LOGNAME = d98
# environment
XDG_VTNR = 7
# makefile
.DEFAULT_GOAL := all
# makefile (from 'Makefile', line 51)
ARCH := -march=armv8-a+crc+crypto -mtune=cortex-a57 -mtp=soft -fPIE
# environment
EDITOR = nano
# environment
DISPLAY = :0.0
# environment
GTK_MODULES = canberra-gtk-module:canberra-gtk-module
# environment
USER = d98
# default
MAKE_VERSION := 4.3
# 'override' directive
.SHELLSTATUS := 0
# makefile (from 'Makefile', line 108)
OFILES_SRC := Alphabet.o Camera.o Common.o Conductor.o Containers.o Engine.o SDL.o Shape.o Sprite.o Text.o Paths.o main.o State.o TestState.o Audio.o  
# makefile (from '/opt/devkitpro/devkitA64/base_tools', line 51)
SILENTCMD := @
# makefile (from 'Makefile', line 42)
BUILD := build
# makefile (from 'Makefile', line 81)
TOPDIR := /home/d98/goatse-the-game
# makefile (from 'Makefile', line 61)
LDFLAGS = -specs=$(DEVKITPRO)/libnx/switch.specs -g $(ARCH) -Wl,-Map,$(notdir $*.map)
# environment
LC_MEASUREMENT = nl_NL.UTF-8
# makefile (from '/opt/devkitpro/devkitA64/base_tools', line 37)
ISVC = $(or $(VCBUILDHELPER_COMMAND),$(MSBUILDEXTENSIONSPATH32),$(MSBUILDEXTENSIONSPATH))
# environment
SSH_AGENT_PID = 787
# environment
_ = /usr/bin/make
# environment
LC_PAPER = nl_NL.UTF-8
# environment
XDG_RUNTIME_DIR = /run/user/1000
# makefile (from 'Makefile', line 56)
CFLAGS := -g -Wall -O2 -I/opt/devkitpro/portlibs/switch/include -L/opt/devkitpro/portlibs/switch/lib -ffunction-sections -march=armv8-a+crc+crypto -mtune=cortex-a57 -mtp=soft -fPIE   -D__SWITCH__
# makefile (from 'Makefile', line 157)
NROFLAGS = --icon=$(APP_ICON) --nacp=$(CURDIR)/$(TARGET).nacp --romfsdir=$(CURDIR)/$(ROMFS)
# environment
XDG_SESSION_CLASS = user
# environment
VSCODE_AMD_ENTRYPOINT = vs/workbench/services/extensions/node/extensionHostProcess
# environment
HOME = /home/d98
# makefile (from '/opt/devkitpro/devkitA64/base_tools', line 14)
DEVKITPATH = $(shell echo "$(DEVKITPRO)" | sed -e 's/^\([a-zA-Z]\):/\/\1/')
# makefile (from '/opt/devkitpro/libnx/switch_rules', line 7)
PORTLIBS := /opt/devkitpro/portlibs/switch
 
# environment
ELECTRON_RUN_AS_NODE = 1
# environment
VSCODE_IPC_HOOK = /run/user/1000/vscode-f64a1c88-1.64.1-main.sock
# environment
XDG_SESSION_ID = 1
# environment
PANEL_GDK_CORE_DEVICE_EVENTS = 0
# makefile (from '/opt/devkitpro/devkitA64/base_tools', line 34)
NM := aarch64-none-elf-gcc-nm
# default
.RECIPEPREFIX := 
# automatic
<F = $(notdir $<)
# makefile (from 'Makefile', line 46)
ROMFS := romfs
# makefile (from 'Makefile', line 110)
HFILES_BIN := 
# default
SUFFIXES := 
# makefile (from 'Makefile', line 41)
TARGET := goatse-the-game
# makefile (from 'Makefile', line 102)
LD := aarch64-none-elf-g++
# environment
VSCODE_CLI = 1
# environment
ELECTRON_NO_ATTACH_CONSOLE = 1
# makefile (from 'Makefile', line 58)
CXXFLAGS := -g -Wall -O2 -I/opt/devkitpro/portlibs/switch/include -L/opt/devkitpro/portlibs/switch/lib -ffunction-sections -march=armv8-a+crc+crypto -mtune=cortex-a57 -mtp=soft -fPIE   -D__SWITCH__ -fno-rtti -fno-exceptions
# environment
XDG_GREETER_DATA_DIR = /var/lib/lightdm-data/d98
# makefile (from '/opt/devkitpro/devkitA64/base_tools', line 33)
STRIP := aarch64-none-elf-strip
# default
.FEATURES := target-specific order-only second-expansion else-if shortest-stem undefine oneshell nocomment grouped-target extra-prereqs archives jobserver output-sync check-symlink guile load
# makefile (from '/opt/devkitpro/devkitA64/base_tools', line 29)
CXX := aarch64-none-elf-g++
# makefile (from '/opt/devkitpro/devkitA64/base_tools', line 28)
CC := aarch64-none-elf-gcc
# makefile (from '/opt/devkitpro/devkitA64/base_tools', line 32)
OBJCOPY := aarch64-none-elf-objcopy
# makefile (from 'Makefile', line 43)
SOURCES := source source/engine source/core source/states source/audio
# makefile (from '/opt/devkitpro/libnx/switch_rules', line 13)
APP_TITLE := 
# makefile (from 'Makefile', line 44)
DATA := data
# environment
XDG_MENU_PREFIX = xfce-
# environment
GDMSESSION = xfce
# environment
LC_IDENTIFICATION = nl_NL.UTF-8
# variable set hash-table stats:
# Load=165/1024=16%, Rehash=0, Collisions=16/338=5%

# Pattern-specific Variable Values

# No pattern-specific variable values.

# Directories

# /home/d98/goatse-the-game/source/states (device 2050, inode 26477044): 4 files, no impossibilities.
# source/states (device 2050, inode 26477044): 4 files, no impossibilities.
# /home/d98/goatse-the-game/source (device 2050, inode 26085488): 6 files, no impossibilities.
# /home/d98/goatse-the-game/data: could not be stat'd.
# source/core (device 2050, inode 26477037): 4 files, no impossibilities.
# source/audio (device 2050, inode 28443253): 3 files, no impossibilities.
# /home/d98/goatse-the-game/source/audio (device 2050, inode 28443253): 3 files, no impossibilities.
# . (device 2050, inode 25433425): 21 files, no impossibilities.
# /home/d98/goatse-the-game/source/engine (device 2050, inode 26477046): 12 files, no impossibilities.
# source (device 2050, inode 26085488): 6 files, no impossibilities.
# data: could not be stat'd.
# /home/d98/goatse-the-game/source/core (device 2050, inode 26477037): 4 files, no impossibilities.
# source/engine (device 2050, inode 26477046): 12 files, no impossibilities.

# 79 files, no impossibilities in 13 directories.

# Implicit Rules

%.a:
#  recipe to execute (from '/opt/devkitpro/devkitA64/base_rules', line 6):
	$(SILENTMSG) $(notdir $@)
	@rm -f $@
	$(SILENTCMD)$(AR) -rc $@ $^

%.o: %.cpp
#  recipe to execute (from '/opt/devkitpro/devkitA64/base_rules', line 13):
	$(SILENTMSG) $(notdir $<)
	$(SILENTCMD)$(CXX) -MMD -MP -MF $(DEPSDIR)/$*.d $(CXXFLAGS) -c $< -o $@ $(ERROR_FILTER)

%.o: %.c
#  recipe to execute (from '/opt/devkitpro/devkitA64/base_rules', line 18):
	$(SILENTMSG) $(notdir $<)
	$(SILENTCMD)$(CC) -MMD -MP -MF $(DEPSDIR)/$*.d $(CFLAGS) -c $< -o $@ $(ERROR_FILTER)

%.o: %.s
#  recipe to execute (from '/opt/devkitpro/devkitA64/base_rules', line 23):
	@echo $(notdir $<)
	$(SILENTCMD)$(CC) -MMD -MP -MF $(DEPSDIR)/$*.d -x assembler-with-cpp $(ASFLAGS) -c $< -o $@ $(ERROR_FILTER)

%.o: %.S
#  recipe to execute (from '/opt/devkitpro/devkitA64/base_rules', line 28):
	$(SILENTMSG) $(notdir $<)
	$(SILENTCMD)$(CC) -MMD -MP -MF $(DEPSDIR)/$*.d -x assembler-with-cpp $(ASFLAGS) -c $< -o $@ $(ERROR_FILTER)

%.nacp: Makefile /opt/devkitpro/libnx/switch_rules /opt/devkitpro/devkitA64/base_rules /opt/devkitpro/devkitA64/base_tools
#  recipe to execute (from '/opt/devkitpro/libnx/switch_rules', line 30):
	@nacptool --create "$(APP_TITLE)" "$(APP_AUTHOR)" "$(APP_VERSION)" $@ $(NACPFLAGS)
	@echo built ... $(notdir $@)

%.npdm:
#  recipe to execute (from '/opt/devkitpro/libnx/switch_rules', line 35):
	@npdmtool $< $@
	@echo built ... $(notdir $@)

%.pfs0: %.nso
#  recipe to execute (from '/opt/devkitpro/libnx/switch_rules', line 53):
	$(make_pfs0)

%.nsp: %.nso
#  recipe to execute (from '/opt/devkitpro/libnx/switch_rules', line 60):
	$(make_pfs0)

%.nso: %.elf
#  recipe to execute (from '/opt/devkitpro/libnx/switch_rules', line 64):
	@elf2nso $< $@
	@echo built ... $(notdir $@)

%.nro: %.elf
#  recipe to execute (from '/opt/devkitpro/libnx/switch_rules', line 69):
	@elf2nro $< $@ $(NROFLAGS)
	@echo built ... $(notdir $@)

%.kip: %.elf
#  recipe to execute (from '/opt/devkitpro/libnx/switch_rules', line 74):
	@elf2kip $< $(APP_JSON) $@
	@echo built ... $(notdir $@)

%.elf:
#  recipe to execute (from '/opt/devkitpro/libnx/switch_rules', line 79):
	@echo linking $(notdir $@)
	@$(LD) $(LDFLAGS) $(OFILES) $(LIBPATHS) $(LIBS) -o $@
	@$(NM) -CSn $@ > $(notdir $*.lst)

# 13 implicit rules, 0 (0.0%) terminal.
# Files

# Not a target:
/opt/devkitpro/libnx/switch_rules:
#  Implicit rule search has been done.
#  Last modified 2021-10-02 16:59:15
#  File has been updated.
#  Successfully updated.

# Not a target:
Makefile:
#  Implicit rule search has been done.
#  Last modified 2022-02-10 11:48:22.840235767
#  File has been updated.
#  Successfully updated.

clean:
#  Phony target (prerequisite of .PHONY).
#  Implicit rule search has not been done.
#  File does not exist.
#  File has not been updated.
#  recipe to execute (from 'Makefile', line 171):
	@echo clean ...
	@rm -fr $(BUILD) $(TARGET).nro $(TARGET).nacp $(TARGET).elf

# Not a target:
/opt/devkitpro/devkitA64/base_tools:
#  Implicit rule search has been done.
#  Last modified 2020-07-28 04:23:39
#  File has been updated.
#  Successfully updated.

# Not a target:
.DEFAULT:
#  Implicit rule search has not been done.
#  Modification time never checked.
#  File has not been updated.

all: build
#  Phony target (prerequisite of .PHONY).
#  Command line target.
#  Implicit rule search has not been done.
#  File does not exist.
#  File has been updated.
#  Needs to be updated (-q is set).
# variable set hash-table stats:
# Load=0/32=0%, Rehash=0, Collisions=0/7=0%

build:
#  Phony target (prerequisite of .PHONY).
#  Implicit rule search has not been done.
#  Implicit/static pattern stem: ''
#  File does not exist.
#  File has been updated.
#  Needs to be updated (-q is set).
# automatic
# @ := build
# automatic
# * := 
# automatic
# < := 
# automatic
# + := 
# automatic
# % := 
# automatic
# ^ := 
# automatic
# ? := 
# automatic
# | := 
# variable set hash-table stats:
# Load=8/32=25%, Rehash=0, Collisions=2/17=12%
#  recipe to execute (from 'Makefile', line 166):
	@[ -d $@ ] || mkdir -p $@
	@$(MAKE) --no-print-directory -C $(BUILD) -f $(CURDIR)/Makefile

# Not a target:
/opt/devkitpro/devkitA64/base_rules:
#  Implicit rule search has been done.
#  Last modified 2020-07-28 04:23:39
#  File has been updated.
#  Successfully updated.

.SUFFIXES:
#  Implicit rule search has not been done.
#  Modification time never checked.
#  File has not been updated.

.PHONY: build clean all
#  Implicit rule search has not been done.
#  Modification time never checked.
#  File has not been updated.

# files hash-table stats:
# Load=10/1024=1%, Rehash=0, Collisions=0/32=0%
# VPATH Search Paths

# No 'vpath' search paths.

# General ('VPATH' variable) search path:
# /home/d98/goatse-the-game/source:/home/d98/goatse-the-game/source/engine:/home/d98/goatse-the-game/source/core:/home/d98/goatse-the-game/source/states:/home/d98/goatse-the-game/source/audio:/home/d98/goatse-the-game/data

# strcache buffers: 1 (0) / strings = 76 / storage = 931 B / avg = 12 B
# current buf: size = 8162 B / used = 931 B / count = 76 / avg = 12 B

# strcache performance: lookups = 125 / hit rate = 39%
# hash-table stats:
# Load=76/8192=1%, Rehash=0, Collisions=0/125=0%
# Finished Make data base on Fri Feb 11 23:40:09 2022

 
